<?xml version="1.0" encoding="UTF-8"?>
<!-- Generated by org.testng.reporters.JUnitReportReporter -->
<testsuite hostname="asif-PC" failures="0" tests="1" name="testpack.TestNGclass" time="6.577" errors="0" timestamp="2022-11-07T22:33:27 IST" skipped="0">
  <testcase classname="testpack.TestNGclass" name="test1" time="6.577"/>
  <system-out/>
</testsuite> <!-- testpack.TestNGclass -->
